[2012-09-23 18:53:43] myapp.INFO: > GET /index.php [] []
[2012-09-23 18:53:43] myapp.ERROR: Template "about.twig" is not defined (Twig_Loader_Filesystem: Unable to find template "about.twig" (looked into: /home/mgz/workspace/SilexFacebookAppSkeleton/web/../src/views). Twig_Loader_Array: Template "about.twig" is not defined.). [] []
[2012-09-23 18:53:43] myapp.INFO: < 500 [] []
[2012-09-23 18:55:22] myapp.INFO: > GET /index.php [] []
[2012-09-23 18:55:22] myapp.ERROR: Template "homepage.twig" is not defined (Twig_Loader_Filesystem: Unable to find template "homepage.twig" (looked into: /home/mgz/workspace/SilexFacebookAppSkeleton/web/../src/views). Twig_Loader_Array: Template "homepage.twig" is not defined.). [] []
[2012-09-23 18:55:22] myapp.INFO: < 500 [] []
[2012-09-23 18:55:30] myapp.INFO: > GET /index.php [] []
[2012-09-23 18:55:30] myapp.INFO: < 200 [] []
[2012-09-23 18:55:56] myapp.INFO: > GET /index.php [] []
[2012-09-23 18:55:56] myapp.INFO: < 200 [] []
[2012-09-23 18:59:11] myapp.INFO: > GET /index.php [] []
[2012-09-23 18:59:11] myapp.ERROR: Unexpected token "string" of value "header" ("name" expected) in "homepage.html.twig" at line 3 [] []
[2012-09-23 18:59:11] myapp.INFO: < 500 [] []
[2012-09-23 18:59:38] myapp.INFO: > GET /index.php [] []
[2012-09-23 18:59:38] myapp.ERROR: Unexpected token "string" of value "header" ("name" expected) in "homepage.html.twig" at line 3 [] []
[2012-09-23 18:59:38] myapp.INFO: < 500 [] []
[2012-09-23 18:59:41] myapp.INFO: > GET /index.php [] []
[2012-09-23 18:59:41] myapp.ERROR: Unexpected token "string" of value "header" ("name" expected) in "homepage.html.twig" at line 3 [] []
[2012-09-23 18:59:41] myapp.INFO: < 500 [] []
[2012-09-23 18:59:43] myapp.INFO: > GET /index.php [] []
[2012-09-23 18:59:43] myapp.ERROR: Unexpected token "string" of value "header" ("name" expected) in "homepage.html.twig" at line 3 [] []
[2012-09-23 18:59:43] myapp.INFO: < 500 [] []
[2012-09-23 19:00:06] myapp.INFO: > GET /index.php [] []
[2012-09-23 19:00:06] myapp.INFO: < 200 [] []
[2012-09-23 19:03:00] myapp.INFO: > GET / [] []
[2012-09-23 19:03:00] myapp.INFO: < 200 [] []
[2012-09-23 19:03:02] myapp.INFO: > GET / [] []
[2012-09-23 19:03:02] myapp.INFO: < 200 [] []
[2012-09-23 22:12:13] myapp.ERROR: You need to set the "secret" parameter [] []
[2012-09-23 22:12:13] myapp.INFO: < 500 [] []
[2012-09-23 22:20:11] myapp.ERROR: You need to set the "secret" parameter [] []
[2012-09-23 22:20:11] myapp.INFO: < 500 [] []
[2012-09-23 22:20:16] myapp.DEBUG: Faceboo\Facebook::getPersistentDatasetPersistentData()| key=state, value= [] []
[2012-09-23 22:20:16] myapp.INFO: > GET / [] []
[2012-09-23 22:20:16] myapp.INFO: < 200 [] []
[2012-09-23 22:21:24] myapp.DEBUG: Faceboo\Facebook::getPersistentDatasetPersistentData()| key=state, value= [] []
[2012-09-23 22:21:24] myapp.INFO: > GET / [] []
[2012-09-23 22:21:24] myapp.DEBUG: Faceboo\Facebook::getPersistentDatasetPersistentData()| key=user_id, value=0 [] []
[2012-09-23 22:21:24] myapp.DEBUG: Faceboo\Facebook::getPersistentDatasetPersistentData()| key=access_token, value= [] []
[2012-09-23 22:21:24] myapp.DEBUG: Faceboo\Facebook::getPersistentDatasetPersistentData()| key=access_token, value= [] []
[2012-09-23 22:21:24] myapp.DEBUG: Faceboo\Facebook::getUser()| user=0 [] []
[2012-09-23 22:21:24] myapp.ERROR: Undefined parameters parameter "namespace" [] []
[2012-09-23 22:21:24] myapp.INFO: < 500 [] []
[2012-09-23 22:21:42] myapp.DEBUG: Faceboo\Facebook::getPersistentDatasetPersistentData()| key=state, value= [] []
[2012-09-23 22:21:42] myapp.INFO: > GET / [] []
[2012-09-23 22:21:42] myapp.DEBUG: Faceboo\Facebook::getPersistentDatasetPersistentData()| key=user_id, value=0 [] []
[2012-09-23 22:21:42] myapp.DEBUG: Faceboo\Facebook::getPersistentDatasetPersistentData()| key=access_token, value= [] []
[2012-09-23 22:21:42] myapp.DEBUG: Faceboo\Facebook::getPersistentDatasetPersistentData()| key=access_token, value= [] []
[2012-09-23 22:21:42] myapp.DEBUG: Faceboo\Facebook::getUser()| user=0 [] []
[2012-09-23 22:21:42] myapp.ERROR: Undefined parameters parameter "namespace" [] []
[2012-09-23 22:21:42] myapp.INFO: < 500 [] []
[2012-09-23 22:21:43] myapp.DEBUG: Faceboo\Facebook::getPersistentDatasetPersistentData()| key=state, value= [] []
[2012-09-23 22:21:43] myapp.INFO: > GET / [] []
[2012-09-23 22:21:43] myapp.DEBUG: Faceboo\Facebook::getPersistentDatasetPersistentData()| key=user_id, value=0 [] []
[2012-09-23 22:21:43] myapp.DEBUG: Faceboo\Facebook::getPersistentDatasetPersistentData()| key=access_token, value= [] []
[2012-09-23 22:21:43] myapp.DEBUG: Faceboo\Facebook::getPersistentDatasetPersistentData()| key=access_token, value= [] []
[2012-09-23 22:21:43] myapp.DEBUG: Faceboo\Facebook::getUser()| user=0 [] []
[2012-09-23 22:21:43] myapp.ERROR: Undefined parameters parameter "namespace" [] []
[2012-09-23 22:21:43] myapp.INFO: < 500 [] []
[2012-09-23 22:21:43] myapp.DEBUG: Faceboo\Facebook::getPersistentDatasetPersistentData()| key=state, value= [] []
[2012-09-23 22:21:43] myapp.INFO: > GET / [] []
[2012-09-23 22:21:43] myapp.DEBUG: Faceboo\Facebook::getPersistentDatasetPersistentData()| key=user_id, value=0 [] []
[2012-09-23 22:21:43] myapp.DEBUG: Faceboo\Facebook::getPersistentDatasetPersistentData()| key=access_token, value= [] []
[2012-09-23 22:21:43] myapp.DEBUG: Faceboo\Facebook::getPersistentDatasetPersistentData()| key=access_token, value= [] []
[2012-09-23 22:21:43] myapp.DEBUG: Faceboo\Facebook::getUser()| user=0 [] []
[2012-09-23 22:21:43] myapp.ERROR: Undefined parameters parameter "namespace" [] []
[2012-09-23 22:21:43] myapp.INFO: < 500 [] []
[2012-09-23 22:27:52] myapp.DEBUG: Faceboo\Facebook::getPersistentDatasetPersistentData()| key=state, value= [] []
[2012-09-23 22:27:52] myapp.INFO: > POST / [] []
[2012-09-23 22:27:52] myapp.ERROR: No route found for "POST /": Method Not Allowed (Allow: GET) [] []
[2012-09-23 22:27:52] myapp.INFO: < 405 [] []
[2012-09-23 23:26:57] myapp.DEBUG: Faceboo\Facebook::getPersistentDatasetPersistentData()| key=state, value= [] []
[2012-09-23 23:26:57] myapp.INFO: > GET / [] []
[2012-09-23 23:26:57] myapp.DEBUG: Faceboo\Facebook::getPersistentDatasetPersistentData()| key=user_id, value=0 [] []
[2012-09-23 23:26:57] myapp.DEBUG: Faceboo\Facebook::getPersistentDatasetPersistentData()| key=access_token, value= [] []
[2012-09-23 23:26:57] myapp.DEBUG: Faceboo\Facebook::getPersistentDatasetPersistentData()| key=access_token, value= [] []
[2012-09-23 23:26:57] myapp.DEBUG: Faceboo\Facebook::getUser()| user=0 [] []
[2012-09-23 23:26:57] myapp.DEBUG: Faceboo\Facebook::getCurrentAppUrl()| url=http://apps.facebook.com/http://silexfbapp.local// [] []
[2012-09-23 23:26:57] myapp.DEBUG: Faceboo\Facebook::setPersistentDatasetPersistentData()| key=state, value=e019687752769e9c77962c7e1cfb3c96 [] []
[2012-09-23 23:26:57] myapp.DEBUG: Faceboo\Facebook::getCurrentUrl()| url=http://silexfbapp.local/ [] []
[2012-09-23 23:26:57] myapp.DEBUG: Faceboo\Facebook::getLoginUrl()| url=https://www.facebook.com/dialog/oauth?client_id=113291218705258&redirect_uri=http%3A%2F%2Fapps.facebook.com%2Fhttp%3A%2F%2Fsilexfbapp.local%2F%2F&state=e019687752769e9c77962c7e1cfb3c96&scope= [] []
[2012-09-23 23:26:57] myapp.INFO: < 200 [] []
[2012-09-23 23:28:12] myapp.DEBUG: Faceboo\Facebook::getPersistentDatasetPersistentData()| key=state, value=e019687752769e9c77962c7e1cfb3c96 [] []
[2012-09-23 23:28:12] myapp.INFO: > GET / [] []
[2012-09-23 23:28:12] myapp.DEBUG: Faceboo\Facebook::getPersistentDatasetPersistentData()| key=user_id, value=0 [] []
[2012-09-23 23:28:12] myapp.DEBUG: Faceboo\Facebook::getPersistentDatasetPersistentData()| key=access_token, value= [] []
[2012-09-23 23:28:12] myapp.DEBUG: Faceboo\Facebook::getPersistentDatasetPersistentData()| key=access_token, value= [] []
[2012-09-23 23:28:12] myapp.DEBUG: Faceboo\Facebook::getUser()| user=0 [] []
[2012-09-23 23:28:12] myapp.DEBUG: Faceboo\Facebook::getCurrentAppUrl()| url=http://apps.facebook.com/http://silexfbapp.local// [] []
[2012-09-23 23:28:12] myapp.DEBUG: Faceboo\Facebook::getCurrentUrl()| url=http://silexfbapp.local/ [] []
[2012-09-23 23:28:12] myapp.DEBUG: Faceboo\Facebook::getLoginUrl()| url=https://www.facebook.com/dialog/oauth?client_id=113291218705258&redirect_uri=http%3A%2F%2Fapps.facebook.com%2Fhttp%3A%2F%2Fsilexfbapp.local%2F%2F&state=e019687752769e9c77962c7e1cfb3c96&scope= [] []
[2012-09-23 23:28:12] myapp.INFO: < 200 [] []
[2012-09-23 23:28:20] myapp.DEBUG: Faceboo\Facebook::getPersistentDatasetPersistentData()| key=state, value=e019687752769e9c77962c7e1cfb3c96 [] []
[2012-09-23 23:28:20] myapp.INFO: > POST / [] []
[2012-09-23 23:28:20] myapp.ERROR: No route found for "POST /": Method Not Allowed (Allow: GET) [] []
[2012-09-23 23:28:20] myapp.INFO: < 405 [] []
[2012-09-23 23:29:57] myapp.DEBUG: Faceboo\Facebook::getPersistentDatasetPersistentData()| key=state, value=e019687752769e9c77962c7e1cfb3c96 [] []
[2012-09-23 23:29:57] myapp.INFO: > POST / [] []
[2012-09-23 23:29:57] myapp.ERROR: No route found for "POST /": Method Not Allowed (Allow: GET) [] []
[2012-09-23 23:29:57] myapp.INFO: < 405 [] []
[2012-09-23 23:31:01] myapp.DEBUG: Faceboo\Facebook::getPersistentDatasetPersistentData()| key=state, value=e019687752769e9c77962c7e1cfb3c96 [] []
[2012-09-23 23:31:01] myapp.INFO: > POST / [] []
[2012-09-23 23:31:01] myapp.ERROR: No route found for "POST /": Method Not Allowed (Allow: GET) [] []
[2012-09-23 23:31:01] myapp.INFO: < 405 [] []
[2012-09-23 23:32:06] myapp.DEBUG: Faceboo\Facebook::getPersistentDatasetPersistentData()| key=state, value=e019687752769e9c77962c7e1cfb3c96 [] []
[2012-09-23 23:33:15] myapp.DEBUG: Faceboo\Facebook::getPersistentDatasetPersistentData()| key=state, value=e019687752769e9c77962c7e1cfb3c96 [] []
[2012-09-24 09:30:47] myapp.DEBUG: Faceboo\Facebook::getPersistentDatasetPersistentData()| key=state, value=e019687752769e9c77962c7e1cfb3c96 [] []
[2012-09-24 09:32:07] myapp.DEBUG: Faceboo\Facebook::getPersistentDatasetPersistentData()| key=state, value=e019687752769e9c77962c7e1cfb3c96 [] []
[2012-09-24 09:35:22] myapp.DEBUG: Faceboo\Facebook::getPersistentDatasetPersistentData()| key=state, value=e019687752769e9c77962c7e1cfb3c96 [] []
[2012-09-24 09:35:22] myapp.INFO: > POST / [] []
[2012-09-24 09:35:22] myapp.ERROR: No route found for "POST /": Method Not Allowed (Allow: GET) [] []
[2012-09-24 09:35:22] myapp.INFO: < 405 [] []
[2012-09-24 09:54:27] myapp.DEBUG: Faceboo\Facebook::getPersistentDatasetPersistentData()| key=state, value=e019687752769e9c77962c7e1cfb3c96 [] []
[2012-09-24 09:54:27] myapp.DEBUG: Faceboo\Facebook::getCurrentAppUrl()| url=http://apps.facebook.com/http://silexfbapp.local// [] []
[2012-09-24 09:54:27] myapp.INFO: < 302 [] []
[2012-09-24 09:54:56] myapp.DEBUG: Faceboo\Facebook::getPersistentDatasetPersistentData()| key=state, value=e019687752769e9c77962c7e1cfb3c96 [] []
[2012-09-24 09:54:56] myapp.INFO: > POST / [] []
[2012-09-24 09:54:56] myapp.ERROR: No route found for "POST /": Method Not Allowed (Allow: GET) [] []
[2012-09-24 09:54:56] myapp.INFO: < 405 [] []
[2012-09-24 09:56:24] myapp.DEBUG: Faceboo\Facebook::getPersistentDatasetPersistentData()| key=state, value=e019687752769e9c77962c7e1cfb3c96 [] []
[2012-09-24 09:56:24] myapp.INFO: > POST / [] []
[2012-09-24 09:56:24] myapp.ERROR: No route found for "POST /": Method Not Allowed (Allow: GET) [] []
[2012-09-24 09:56:24] myapp.INFO: < 405 [] []
[2012-09-24 09:57:02] myapp.DEBUG: Faceboo\Facebook::getPersistentDatasetPersistentData()| key=state, value=e019687752769e9c77962c7e1cfb3c96 [] []
[2012-09-24 09:57:02] myapp.INFO: > POST / [] []
[2012-09-24 09:57:02] myapp.ERROR: No route found for "POST /": Method Not Allowed (Allow: GET) [] []
[2012-09-24 09:57:02] myapp.INFO: < 405 [] []
[2012-09-24 09:57:27] myapp.DEBUG: Faceboo\Facebook::getPersistentDatasetPersistentData()| key=state, value=e019687752769e9c77962c7e1cfb3c96 [] []
[2012-09-24 09:57:27] myapp.INFO: > POST / [] []
[2012-09-24 09:57:27] myapp.DEBUG: Faceboo\Facebook::setPersistentDatasetPersistentData()| key=user_id, value=1571947081 [] []
[2012-09-24 09:57:27] myapp.DEBUG: Faceboo\Facebook::getUser()| user=1571947081 [] []
[2012-09-24 09:57:27] myapp.DEBUG: Faceboo\Facebook::setPersistentDatasetPersistentData()| key=access_token, value=AAABnCarY22oBAGELveuUcyADo0Ua0LfIaO7fgCuj2LgWUXrh34XGPtITmtQbhR2nuZAmx3N5fTNkVYZA5OpSl4pH04l87ll8YnqeZCn4PRApu19BxvU [] []
[2012-09-24 09:57:28] myapp.ERROR: Template "error.html.twig" is not defined (Twig_Loader_Filesystem: Unable to find template "error.html.twig" (looked into: /home/mgz/workspace/SilexFacebookAppSkeleton/web/../src/resources/views). Twig_Loader_Array: Template "error.html.twig" is not defined.). [] []
[2012-09-24 09:57:28] myapp.INFO: < 500 [] []
[2012-09-24 09:58:20] myapp.DEBUG: Faceboo\Facebook::getPersistentDatasetPersistentData()| key=state, value=e019687752769e9c77962c7e1cfb3c96 [] []
[2012-09-24 09:58:20] myapp.INFO: > POST / [] []
[2012-09-24 09:58:20] myapp.DEBUG: Faceboo\Facebook::setPersistentDatasetPersistentData()| key=user_id, value=1571947081 [] []
[2012-09-24 09:58:20] myapp.DEBUG: Faceboo\Facebook::getUser()| user=1571947081 [] []
[2012-09-24 09:58:20] myapp.DEBUG: Faceboo\Facebook::setPersistentDatasetPersistentData()| key=access_token, value=AAABnCarY22oBAGELveuUcyADo0Ua0LfIaO7fgCuj2LgWUXrh34XGPtITmtQbhR2nuZAmx3N5fTNkVYZA5OpSl4pH04l87ll8YnqeZCn4PRApu19BxvU [] []
[2012-09-24 09:58:21] myapp.ERROR: Template "error.html.twig" is not defined (Twig_Loader_Filesystem: Unable to find template "error.html.twig" (looked into: /home/mgz/workspace/SilexFacebookAppSkeleton/web/../src/resources/views). Twig_Loader_Array: Template "error.html.twig" is not defined.). [] []
[2012-09-24 09:58:21] myapp.INFO: < 500 [] []
[2012-09-24 09:58:50] myapp.DEBUG: Faceboo\Facebook::getPersistentDatasetPersistentData()| key=state, value=e019687752769e9c77962c7e1cfb3c96 [] []
[2012-09-24 09:58:50] myapp.INFO: > POST / [] []
[2012-09-24 09:58:50] myapp.DEBUG: Faceboo\Facebook::setPersistentDatasetPersistentData()| key=user_id, value=1571947081 [] []
[2012-09-24 09:58:50] myapp.DEBUG: Faceboo\Facebook::getUser()| user=1571947081 [] []
[2012-09-24 09:58:50] myapp.DEBUG: Faceboo\Facebook::setPersistentDatasetPersistentData()| key=access_token, value=AAABnCarY22oBAGELveuUcyADo0Ua0LfIaO7fgCuj2LgWUXrh34XGPtITmtQbhR2nuZAmx3N5fTNkVYZA5OpSl4pH04l87ll8YnqeZCn4PRApu19BxvU [] []
[2012-09-24 09:58:51] myapp.INFO: < 200 [] []
[2012-09-24 10:29:25] myapp.DEBUG: Faceboo\Facebook::getPersistentDatasetPersistentData()| key=state, value=e019687752769e9c77962c7e1cfb3c96 [] []
[2012-09-24 10:29:25] myapp.INFO: > POST /?fb_source=bookmark_apps&ref=bookmarks&count=0&fb_bmpos=3_0 [] []
[2012-09-24 10:29:25] myapp.DEBUG: Faceboo\Facebook::setPersistentDatasetPersistentData()| key=user_id, value=1571947081 [] []
[2012-09-24 10:29:25] myapp.DEBUG: Faceboo\Facebook::getUser()| user=1571947081 [] []
[2012-09-24 10:29:25] myapp.DEBUG: Faceboo\Facebook::setPersistentDatasetPersistentData()| key=access_token, value=AAABnCarY22oBAGHCRNm3AxVo2HIa30VZCnW5jfWNoABNKUq3iZAQAGgSjFNlVoMUye7du4Duz4DFAE4e5D5N1LaIXv1jAGr8PFTkqLnNvaNhhuZA1Kz [] []
[2012-09-24 10:29:26] myapp.INFO: < 200 [] []
[2012-09-24 15:30:56] myapp.DEBUG: Faceboo\Facebook::getPersistentDatasetPersistentData()| key=state, value= [] []
[2012-09-24 15:30:56] myapp.INFO: > POST / [] []
[2012-09-24 15:30:56] myapp.DEBUG: Faceboo\Facebook::setPersistentDatasetPersistentData()| key=user_id, value=1571947081 [] []
[2012-09-24 15:30:56] myapp.DEBUG: Faceboo\Facebook::getUser()| user=1571947081 [] []
[2012-09-24 15:30:56] myapp.DEBUG: Faceboo\Facebook::setPersistentDatasetPersistentData()| key=access_token, value=AAABnCarY22oBANi7h3420QZAd156zNZAsXQLIPvbdZCZBVY63aeitZCGhYP1NhKh8qSZC4AEYxYUONCRdhZBeIIbYQaW0UY6vPCQ7augT45ZA4JnovEDnC5X [] []
[2012-09-24 15:30:57] myapp.INFO: < 200 [] []
[2012-10-02 16:51:38] myapp.DEBUG: Faceboo\Facebook::getPersistentDatasetPersistentData()| key=state, value= [] []
[2012-10-02 16:51:38] myapp.DEBUG: Faceboo\Facebook::getCurrentAppUrl()| url=http://apps.facebook.com/FB_APPNAME/ [] []
[2012-10-02 16:51:38] myapp.ERROR: No route found for "GET /": Method Not Allowed (Allow: POST) [] []
[2012-10-02 16:51:38] myapp.INFO: < 405 [] []
[2012-10-02 16:51:50] myapp.DEBUG: Faceboo\Facebook::getPersistentDatasetPersistentData()| key=state, value= [] []
[2012-10-02 16:51:50] myapp.DEBUG: Faceboo\Facebook::getCurrentAppUrl()| url=http://apps.facebook.com/FB_APPNAME/ [] []
[2012-10-02 16:51:50] myapp.ERROR: No route found for "GET /": Method Not Allowed (Allow: POST) [] []
[2012-10-02 16:51:50] myapp.INFO: < 405 [] []
[2012-10-02 16:52:24] myapp.DEBUG: Faceboo\Facebook::getPersistentDatasetPersistentData()| key=state, value= [] []
[2012-10-02 16:52:24] myapp.DEBUG: Faceboo\Facebook::getCurrentAppUrl()| url=http://apps.facebook.com/FB_APPNAME/ [] []
[2012-10-02 16:52:24] myapp.ERROR: No route found for "GET /": Method Not Allowed (Allow: POST) [] []
[2012-10-02 16:52:24] myapp.INFO: < 405 [] []
[2012-10-02 16:52:32] myapp.DEBUG: Faceboo\Facebook::getPersistentDatasetPersistentData()| key=state, value= [] []
[2012-10-02 16:52:32] myapp.DEBUG: Faceboo\Facebook::getCurrentAppUrl()| url=http://apps.facebook.com/FB_APPNAME/ [] []
[2012-10-02 16:52:32] myapp.ERROR: No route found for "GET /": Method Not Allowed (Allow: POST) [] []
[2012-10-02 16:52:32] myapp.INFO: < 405 [] []
[2012-10-02 16:52:46] myapp.DEBUG: Faceboo\Facebook::getPersistentDatasetPersistentData()| key=state, value= [] []
[2012-10-02 16:52:46] myapp.DEBUG: Faceboo\Facebook::getCurrentAppUrl()| url=http://apps.facebook.com/FB_APPNAME/ [] []
[2012-10-02 16:52:46] myapp.INFO: < 302 [] []
[2012-10-02 16:52:55] myapp.DEBUG: Faceboo\Facebook::getPersistentDatasetPersistentData()| key=state, value= [] []
[2012-10-02 16:52:55] myapp.DEBUG: Faceboo\Facebook::getCurrentAppUrl()| url=http://apps.facebook.com/FB_APPNAME/ [] []
[2012-10-02 16:52:55] myapp.INFO: < 302 [] []
[2012-10-02 16:53:38] myapp.ERROR: Identifier "facebook" is not defined. [] []
[2012-10-02 16:53:38] myapp.INFO: < 500 [] []
[2012-10-02 16:54:27] myapp.DEBUG: Faceboo\Facebook::getPersistentDatasetPersistentData()| key=state, value= [] []
[2012-10-02 16:54:27] myapp.INFO: > GET / [] []
[2012-10-02 16:54:27] myapp.DEBUG: Faceboo\Facebook::getPersistentDatasetPersistentData()| key=user_id, value=0 [] []
[2012-10-02 16:54:27] myapp.DEBUG: Faceboo\Facebook::getPersistentDatasetPersistentData()| key=access_token, value= [] []
[2012-10-02 16:54:27] myapp.DEBUG: Faceboo\Facebook::getPersistentDatasetPersistentData()| key=access_token, value= [] []
[2012-10-02 16:54:27] myapp.DEBUG: Faceboo\Facebook::getUser()| user=0 [] []
[2012-10-02 16:54:27] myapp.DEBUG: Faceboo\Facebook::getCurrentAppUrl()| url=http://apps.facebook.com/FB_APPNAME/ [] []
[2012-10-02 16:54:27] myapp.DEBUG: Faceboo\Facebook::setPersistentDatasetPersistentData()| key=state, value=0249b798dad610241d7010444703bcb6 [] []
[2012-10-02 16:54:27] myapp.DEBUG: Faceboo\Facebook::getCurrentUrl()| url=http://silexfbapp.local/ [] []
[2012-10-02 16:54:27] myapp.DEBUG: Faceboo\Facebook::getLoginUrl()| url=https://www.facebook.com/dialog/oauth?client_id=FB_APP_ID&redirect_uri=http%3A%2F%2Fapps.facebook.com%2FFB_APPNAME%2F&state=0249b798dad610241d7010444703bcb6&scope= [] []
[2012-10-02 16:54:27] myapp.INFO: < 200 [] []
[2012-10-02 16:54:33] myapp.DEBUG: Faceboo\Facebook::getPersistentDatasetPersistentData()| key=state, value= [] []
[2012-10-02 16:54:33] myapp.INFO: > GET  [] []
[2012-10-02 16:54:33] myapp.DEBUG: Faceboo\Facebook::getPersistentDatasetPersistentData()| key=user_id, value=0 [] []
[2012-10-02 16:54:33] myapp.DEBUG: Faceboo\Facebook::getPersistentDatasetPersistentData()| key=access_token, value= [] []
[2012-10-02 16:54:33] myapp.DEBUG: Faceboo\Facebook::getPersistentDatasetPersistentData()| key=access_token, value= [] []
[2012-10-02 16:54:33] myapp.DEBUG: Faceboo\Facebook::getUser()| user=0 [] []
[2012-10-02 16:54:33] myapp.DEBUG: Faceboo\Facebook::getCurrentAppUrl()| url=http://apps.facebook.com/FB_APPNAME/ [] []
[2012-10-02 16:54:33] myapp.DEBUG: Faceboo\Facebook::setPersistentDatasetPersistentData()| key=state, value=3f40f0a0add9ebf722e3a00e25fbeae5 [] []
[2012-10-02 16:54:33] myapp.DEBUG: Faceboo\Facebook::getCurrentUrl()| url=http://:/ [] []
[2012-10-02 16:54:33] myapp.DEBUG: Faceboo\Facebook::getLoginUrl()| url=https://www.facebook.com/dialog/oauth?client_id=FB_APP_ID&redirect_uri=http%3A%2F%2Fapps.facebook.com%2FFB_APPNAME%2F&state=3f40f0a0add9ebf722e3a00e25fbeae5&scope= [] []
[2012-10-02 16:54:33] myapp.INFO: < 200 [] []
[2012-10-02 21:17:30] myapp.DEBUG: Faceboo\Facebook::getPersistentDatasetPersistentData()| key=state, value= [] []
[2012-10-02 21:17:30] myapp.INFO: > GET  [] []
[2012-10-02 21:17:30] myapp.DEBUG: Faceboo\Facebook::getPersistentDatasetPersistentData()| key=user_id, value=0 [] []
[2012-10-02 21:17:30] myapp.DEBUG: Faceboo\Facebook::getPersistentDatasetPersistentData()| key=access_token, value= [] []
[2012-10-02 21:17:30] myapp.DEBUG: Faceboo\Facebook::getPersistentDatasetPersistentData()| key=access_token, value= [] []
[2012-10-02 21:17:30] myapp.DEBUG: Faceboo\Facebook::getUser()| user=0 [] []
[2012-10-02 21:17:30] myapp.DEBUG: Faceboo\Facebook::getCurrentAppUrl()| url=http://apps.facebook.com/FB_APPNAME/ [] []
[2012-10-02 21:17:30] myapp.DEBUG: Faceboo\Facebook::setPersistentDatasetPersistentData()| key=state, value=06b942fca1ea9cfd5b025c71a744cc0a [] []
[2012-10-02 21:17:30] myapp.DEBUG: Faceboo\Facebook::getCurrentUrl()| url=http://:/ [] []
[2012-10-02 21:17:30] myapp.DEBUG: Faceboo\Facebook::getLoginUrl()| url=https://www.facebook.com/dialog/oauth?client_id=FB_APP_ID&redirect_uri=http%3A%2F%2Fapps.facebook.com%2FFB_APPNAME%2F&state=06b942fca1ea9cfd5b025c71a744cc0a&scope= [] []
[2012-10-02 21:17:30] myapp.INFO: < 200 [] []
[2012-10-02 21:33:05] myapp.DEBUG: Faceboo\Facebook::getPersistentDatasetPersistentData()| key=state, value= [] []
[2012-10-02 21:33:05] myapp.INFO: > GET  [] []
[2012-10-02 21:33:05] myapp.DEBUG: Faceboo\Facebook::getPersistentDatasetPersistentData()| key=user_id, value=0 [] []
[2012-10-02 21:33:05] myapp.DEBUG: Faceboo\Facebook::getPersistentDatasetPersistentData()| key=access_token, value= [] []
[2012-10-02 21:33:05] myapp.DEBUG: Faceboo\Facebook::getPersistentDatasetPersistentData()| key=access_token, value= [] []
[2012-10-02 21:33:05] myapp.DEBUG: Faceboo\Facebook::getUser()| user=0 [] []
[2012-10-02 21:33:05] myapp.DEBUG: Faceboo\Facebook::getCurrentAppUrl()| url=http://apps.facebook.com/FB_APPNAME/ [] []
[2012-10-02 21:33:05] myapp.DEBUG: Faceboo\Facebook::setPersistentDatasetPersistentData()| key=state, value=7bc2cd1de52756a9dfe45700f18b602e [] []
[2012-10-02 21:33:05] myapp.DEBUG: Faceboo\Facebook::getCurrentUrl()| url=http://:/ [] []
[2012-10-02 21:33:05] myapp.DEBUG: Faceboo\Facebook::getLoginUrl()| url=https://www.facebook.com/dialog/oauth?client_id=FB_APP_ID&redirect_uri=http%3A%2F%2Fapps.facebook.com%2FFB_APPNAME%2F&state=7bc2cd1de52756a9dfe45700f18b602e&scope= [] []
[2012-10-02 21:33:06] myapp.INFO: < 200 [] []
[2012-10-02 21:36:40] myapp.DEBUG: Faceboo\Facebook::getPersistentDatasetPersistentData()| key=state, value= [] []
[2012-10-02 21:36:40] myapp.INFO: > GET  [] []
[2012-10-02 21:36:40] myapp.DEBUG: Faceboo\Facebook::getPersistentDatasetPersistentData()| key=user_id, value=0 [] []
[2012-10-02 21:36:40] myapp.DEBUG: Faceboo\Facebook::getPersistentDatasetPersistentData()| key=access_token, value= [] []
[2012-10-02 21:36:40] myapp.DEBUG: Faceboo\Facebook::getPersistentDatasetPersistentData()| key=access_token, value= [] []
[2012-10-02 21:36:40] myapp.DEBUG: Faceboo\Facebook::getUser()| user=0 [] []
[2012-10-02 21:36:40] myapp.DEBUG: Faceboo\Facebook::getCurrentAppUrl()| url=http://apps.facebook.com/FB_APPNAME/ [] []
[2012-10-02 21:36:40] myapp.DEBUG: Faceboo\Facebook::setPersistentDatasetPersistentData()| key=state, value=7295515247d6d325530afc6fc64d6789 [] []
[2012-10-02 21:36:40] myapp.DEBUG: Faceboo\Facebook::getCurrentUrl()| url=http://:/ [] []
[2012-10-02 21:36:40] myapp.DEBUG: Faceboo\Facebook::getLoginUrl()| url=https://www.facebook.com/dialog/oauth?client_id=FB_APP_ID&redirect_uri=http%3A%2F%2Fapps.facebook.com%2FFB_APPNAME%2F&state=7295515247d6d325530afc6fc64d6789&scope= [] []
[2012-10-02 21:36:40] myapp.INFO: < 200 [] []
[2012-10-02 21:36:53] myapp.DEBUG: Faceboo\Facebook::getPersistentDatasetPersistentData()| key=state, value= [] []
[2012-10-02 21:36:53] myapp.INFO: > GET  [] []
[2012-10-02 21:36:53] myapp.DEBUG: Faceboo\Facebook::getPersistentDatasetPersistentData()| key=user_id, value=0 [] []
[2012-10-02 21:36:53] myapp.DEBUG: Faceboo\Facebook::getPersistentDatasetPersistentData()| key=access_token, value= [] []
[2012-10-02 21:36:53] myapp.DEBUG: Faceboo\Facebook::getPersistentDatasetPersistentData()| key=access_token, value= [] []
[2012-10-02 21:36:53] myapp.DEBUG: Faceboo\Facebook::getUser()| user=0 [] []
[2012-10-02 21:36:53] myapp.DEBUG: Faceboo\Facebook::getCurrentAppUrl()| url=http://apps.facebook.com/FB_APPNAME/ [] []
[2012-10-02 21:36:53] myapp.DEBUG: Faceboo\Facebook::setPersistentDatasetPersistentData()| key=state, value=0db55ae206572d300ec56c6fab5cc87c [] []
[2012-10-02 21:36:53] myapp.DEBUG: Faceboo\Facebook::getCurrentUrl()| url=http://:/ [] []
[2012-10-02 21:36:53] myapp.DEBUG: Faceboo\Facebook::getLoginUrl()| url=https://www.facebook.com/dialog/oauth?client_id=FB_APP_ID&redirect_uri=http%3A%2F%2Fapps.facebook.com%2FFB_APPNAME%2F&state=0db55ae206572d300ec56c6fab5cc87c&scope= [] []
[2012-10-02 21:36:53] myapp.INFO: < 200 [] []
[2012-10-02 21:37:40] myapp.DEBUG: Faceboo\Facebook::getPersistentDatasetPersistentData()| key=state, value= [] []
[2012-10-02 21:37:40] myapp.INFO: > GET  [] []
[2012-10-02 21:37:40] myapp.DEBUG: Faceboo\Facebook::getPersistentDatasetPersistentData()| key=user_id, value=0 [] []
[2012-10-02 21:37:40] myapp.DEBUG: Faceboo\Facebook::getPersistentDatasetPersistentData()| key=access_token, value= [] []
[2012-10-02 21:37:40] myapp.DEBUG: Faceboo\Facebook::getPersistentDatasetPersistentData()| key=access_token, value= [] []
[2012-10-02 21:37:40] myapp.DEBUG: Faceboo\Facebook::getUser()| user=0 [] []
[2012-10-02 21:37:40] myapp.DEBUG: Faceboo\Facebook::getCurrentAppUrl()| url=http://apps.facebook.com/FB_APPNAME/ [] []
[2012-10-02 21:37:40] myapp.DEBUG: Faceboo\Facebook::setPersistentDatasetPersistentData()| key=state, value=8ef885b4f0a9da72c568321884d18928 [] []
[2012-10-02 21:37:40] myapp.DEBUG: Faceboo\Facebook::getCurrentUrl()| url=http://:/ [] []
[2012-10-02 21:37:40] myapp.DEBUG: Faceboo\Facebook::getLoginUrl()| url=https://www.facebook.com/dialog/oauth?client_id=FB_APP_ID&redirect_uri=http%3A%2F%2Fapps.facebook.com%2FFB_APPNAME%2F&state=8ef885b4f0a9da72c568321884d18928&scope= [] []
[2012-10-02 21:37:40] myapp.INFO: < 200 [] []
[2012-10-02 21:49:16] myapp.DEBUG: Faceboo\Facebook::getPersistentDatasetPersistentData()| key=state, value= [] []
[2012-10-02 21:49:16] myapp.INFO: > GET  [] []
[2012-10-02 21:49:16] myapp.DEBUG: Faceboo\Facebook::getPersistentDatasetPersistentData()| key=user_id, value=0 [] []
[2012-10-02 21:49:16] myapp.DEBUG: Faceboo\Facebook::getPersistentDatasetPersistentData()| key=access_token, value= [] []
[2012-10-02 21:49:16] myapp.DEBUG: Faceboo\Facebook::getPersistentDatasetPersistentData()| key=access_token, value= [] []
[2012-10-02 21:49:16] myapp.DEBUG: Faceboo\Facebook::getUser()| user=0 [] []
[2012-10-02 21:49:16] myapp.DEBUG: Faceboo\Facebook::getCurrentAppUrl()| url=http://apps.facebook.com/FB_APPNAME/ [] []
[2012-10-02 21:49:16] myapp.DEBUG: Faceboo\Facebook::setPersistentDatasetPersistentData()| key=state, value=471a8a15798f80a02ddb5cc2d53303f7 [] []
[2012-10-02 21:49:16] myapp.DEBUG: Faceboo\Facebook::getCurrentUrl()| url=http://:/ [] []
[2012-10-02 21:49:16] myapp.DEBUG: Faceboo\Facebook::getLoginUrl()| url=https://www.facebook.com/dialog/oauth?client_id=FB_APP_ID&redirect_uri=http%3A%2F%2Fapps.facebook.com%2FFB_APPNAME%2F&state=471a8a15798f80a02ddb5cc2d53303f7&scope= [] []
[2012-10-02 21:49:16] myapp.INFO: < 200 [] []
[2012-10-02 21:50:01] myapp.DEBUG: Faceboo\Facebook::getPersistentDatasetPersistentData()| key=state, value= [] []
[2012-10-02 21:50:01] myapp.INFO: > GET  [] []
[2012-10-02 21:50:01] myapp.DEBUG: Faceboo\Facebook::getPersistentDatasetPersistentData()| key=user_id, value=0 [] []
[2012-10-02 21:50:01] myapp.DEBUG: Faceboo\Facebook::getPersistentDatasetPersistentData()| key=access_token, value= [] []
[2012-10-02 21:50:01] myapp.DEBUG: Faceboo\Facebook::getPersistentDatasetPersistentData()| key=access_token, value= [] []
[2012-10-02 21:50:01] myapp.DEBUG: Faceboo\Facebook::getUser()| user=0 [] []
[2012-10-02 21:50:01] myapp.DEBUG: Faceboo\Facebook::getCurrentAppUrl()| url=http://apps.facebook.com/FB_APPNAME/ [] []
[2012-10-02 21:50:01] myapp.DEBUG: Faceboo\Facebook::setPersistentDatasetPersistentData()| key=state, value=ff0d0d652b48ebab120c7a429d8ce022 [] []
[2012-10-02 21:50:01] myapp.DEBUG: Faceboo\Facebook::getCurrentUrl()| url=http://:/ [] []
[2012-10-02 21:50:01] myapp.DEBUG: Faceboo\Facebook::getLoginUrl()| url=https://www.facebook.com/dialog/oauth?client_id=FB_APP_ID&redirect_uri=http%3A%2F%2Fapps.facebook.com%2FFB_APPNAME%2F&state=ff0d0d652b48ebab120c7a429d8ce022&scope= [] []
[2012-10-02 21:50:01] myapp.INFO: < 200 [] []
[2012-10-02 21:50:01] myapp.INFO: > GET / [] []
[2012-10-02 21:50:01] myapp.DEBUG: Faceboo\Facebook::getUser()| user=0 [] []
[2012-10-02 21:50:01] myapp.DEBUG: Faceboo\Facebook::getCurrentAppUrl()| url=http://apps.facebook.com/FB_APPNAME/ [] []
[2012-10-02 21:50:01] myapp.DEBUG: Faceboo\Facebook::getCurrentUrl()| url=http://localhost/ [] []
[2012-10-02 21:50:01] myapp.DEBUG: Faceboo\Facebook::getLoginUrl()| url=https://www.facebook.com/dialog/oauth?client_id=FB_APP_ID&redirect_uri=http%3A%2F%2Fapps.facebook.com%2FFB_APPNAME%2F&state=ff0d0d652b48ebab120c7a429d8ce022&scope= [] []
[2012-10-02 21:50:01] myapp.INFO: < 200 [] []
[2012-10-02 22:12:51] myapp.DEBUG: Faceboo\Facebook::getPersistentDatasetPersistentData()| key=state, value= [] []
[2012-10-02 22:12:51] myapp.INFO: > GET / [] []
[2012-10-02 22:12:51] myapp.DEBUG: Faceboo\Facebook::getPersistentDatasetPersistentData()| key=user_id, value=0 [] []
[2012-10-02 22:12:51] myapp.DEBUG: Faceboo\Facebook::getPersistentDatasetPersistentData()| key=access_token, value= [] []
[2012-10-02 22:12:51] myapp.DEBUG: Faceboo\Facebook::getPersistentDatasetPersistentData()| key=access_token, value= [] []
[2012-10-02 22:12:51] myapp.DEBUG: Faceboo\Facebook::getUser()| user=0 [] []
[2012-10-02 22:12:51] myapp.DEBUG: Faceboo\Facebook::getCurrentAppUrl()| url=http://apps.facebook.com/FB_APPNAME/ [] []
[2012-10-02 22:12:51] myapp.DEBUG: Faceboo\Facebook::setPersistentDatasetPersistentData()| key=state, value=d46d7441f701340a8f4374c3c0cd0481 [] []
[2012-10-02 22:12:51] myapp.DEBUG: Faceboo\Facebook::getCurrentUrl()| url=http://silexfbapp.local/ [] []
[2012-10-02 22:12:51] myapp.DEBUG: Faceboo\Facebook::getLoginUrl()| url=https://www.facebook.com/dialog/oauth?client_id=FB_APP_ID&redirect_uri=http%3A%2F%2Fapps.facebook.com%2FFB_APPNAME%2F&state=d46d7441f701340a8f4374c3c0cd0481&scope= [] []
[2012-10-02 22:12:51] myapp.INFO: < 200 [] []
[2012-10-02 22:13:05] myapp.DEBUG: Faceboo\Facebook::getPersistentDatasetPersistentData()| key=state, value=d46d7441f701340a8f4374c3c0cd0481 [] []
[2012-10-02 22:13:05] myapp.INFO: > GET / [] []
[2012-10-02 22:13:05] myapp.DEBUG: Faceboo\Facebook::getPersistentDatasetPersistentData()| key=user_id, value=0 [] []
[2012-10-02 22:13:05] myapp.DEBUG: Faceboo\Facebook::getPersistentDatasetPersistentData()| key=access_token, value= [] []
[2012-10-02 22:13:05] myapp.DEBUG: Faceboo\Facebook::getPersistentDatasetPersistentData()| key=access_token, value= [] []
[2012-10-02 22:13:05] myapp.DEBUG: Faceboo\Facebook::getUser()| user=0 [] []
[2012-10-02 22:13:05] myapp.DEBUG: Faceboo\Facebook::getCurrentAppUrl()| url=http://apps.facebook.com/FB_APPNAME/ [] []
[2012-10-02 22:13:05] myapp.DEBUG: Faceboo\Facebook::getCurrentUrl()| url=http://silexfbapp.local/ [] []
[2012-10-02 22:13:05] myapp.DEBUG: Faceboo\Facebook::getLoginUrl()| url=https://www.facebook.com/dialog/oauth?client_id=FB_APP_ID&redirect_uri=http%3A%2F%2Fapps.facebook.com%2FFB_APPNAME%2F&state=d46d7441f701340a8f4374c3c0cd0481&scope= [] []
[2012-10-02 22:13:05] myapp.INFO: < 200 [] []
[2012-10-02 22:13:19] myapp.DEBUG: Faceboo\Facebook::getPersistentDatasetPersistentData()| key=state, value=d46d7441f701340a8f4374c3c0cd0481 [] []
[2012-10-02 22:13:19] myapp.INFO: > GET / [] []
[2012-10-02 22:13:19] myapp.DEBUG: Faceboo\Facebook::getPersistentDatasetPersistentData()| key=user_id, value=0 [] []
[2012-10-02 22:13:19] myapp.DEBUG: Faceboo\Facebook::getPersistentDatasetPersistentData()| key=access_token, value= [] []
[2012-10-02 22:13:19] myapp.DEBUG: Faceboo\Facebook::getPersistentDatasetPersistentData()| key=access_token, value= [] []
[2012-10-02 22:13:19] myapp.DEBUG: Faceboo\Facebook::getUser()| user=0 [] []
[2012-10-02 22:13:19] myapp.DEBUG: Faceboo\Facebook::getCurrentAppUrl()| url=http://apps.facebook.com/FB_APPNAME/ [] []
[2012-10-02 22:13:19] myapp.DEBUG: Faceboo\Facebook::getCurrentUrl()| url=http://silexfbapp.local/ [] []
[2012-10-02 22:13:19] myapp.DEBUG: Faceboo\Facebook::getLoginUrl()| url=https://www.facebook.com/dialog/oauth?client_id=FB_APP_ID&redirect_uri=http%3A%2F%2Fapps.facebook.com%2FFB_APPNAME%2F&state=d46d7441f701340a8f4374c3c0cd0481&scope= [] []
[2012-10-02 22:13:19] myapp.INFO: < 200 [] []
[2012-10-02 22:13:20] myapp.DEBUG: Faceboo\Facebook::getPersistentDatasetPersistentData()| key=state, value=d46d7441f701340a8f4374c3c0cd0481 [] []
[2012-10-02 22:13:20] myapp.INFO: > GET / [] []
[2012-10-02 22:13:20] myapp.DEBUG: Faceboo\Facebook::getPersistentDatasetPersistentData()| key=user_id, value=0 [] []
[2012-10-02 22:13:20] myapp.DEBUG: Faceboo\Facebook::getPersistentDatasetPersistentData()| key=access_token, value= [] []
[2012-10-02 22:13:20] myapp.DEBUG: Faceboo\Facebook::getPersistentDatasetPersistentData()| key=access_token, value= [] []
[2012-10-02 22:13:20] myapp.DEBUG: Faceboo\Facebook::getUser()| user=0 [] []
[2012-10-02 22:13:20] myapp.DEBUG: Faceboo\Facebook::getCurrentAppUrl()| url=http://apps.facebook.com/FB_APPNAME/ [] []
[2012-10-02 22:13:20] myapp.DEBUG: Faceboo\Facebook::getCurrentUrl()| url=http://silexfbapp.local/ [] []
[2012-10-02 22:13:20] myapp.DEBUG: Faceboo\Facebook::getLoginUrl()| url=https://www.facebook.com/dialog/oauth?client_id=FB_APP_ID&redirect_uri=http%3A%2F%2Fapps.facebook.com%2FFB_APPNAME%2F&state=d46d7441f701340a8f4374c3c0cd0481&scope= [] []
[2012-10-02 22:13:20] myapp.INFO: < 200 [] []
[2012-10-02 22:13:20] myapp.DEBUG: Faceboo\Facebook::getPersistentDatasetPersistentData()| key=state, value=d46d7441f701340a8f4374c3c0cd0481 [] []
[2012-10-02 22:13:20] myapp.INFO: > GET / [] []
[2012-10-02 22:13:20] myapp.DEBUG: Faceboo\Facebook::getPersistentDatasetPersistentData()| key=user_id, value=0 [] []
[2012-10-02 22:13:20] myapp.DEBUG: Faceboo\Facebook::getPersistentDatasetPersistentData()| key=access_token, value= [] []
[2012-10-02 22:13:20] myapp.DEBUG: Faceboo\Facebook::getPersistentDatasetPersistentData()| key=access_token, value= [] []
[2012-10-02 22:13:20] myapp.DEBUG: Faceboo\Facebook::getUser()| user=0 [] []
[2012-10-02 22:13:20] myapp.DEBUG: Faceboo\Facebook::getCurrentAppUrl()| url=http://apps.facebook.com/FB_APPNAME/ [] []
[2012-10-02 22:13:20] myapp.DEBUG: Faceboo\Facebook::getCurrentUrl()| url=http://silexfbapp.local/ [] []
[2012-10-02 22:13:20] myapp.DEBUG: Faceboo\Facebook::getLoginUrl()| url=https://www.facebook.com/dialog/oauth?client_id=FB_APP_ID&redirect_uri=http%3A%2F%2Fapps.facebook.com%2FFB_APPNAME%2F&state=d46d7441f701340a8f4374c3c0cd0481&scope= [] []
[2012-10-02 22:13:20] myapp.INFO: < 200 [] []
[2012-10-02 22:13:28] myapp.DEBUG: Faceboo\Facebook::getPersistentDatasetPersistentData()| key=state, value= [] []
[2012-10-02 22:13:28] myapp.INFO: > GET  [] []
[2012-10-02 22:13:28] myapp.DEBUG: Faceboo\Facebook::getPersistentDatasetPersistentData()| key=user_id, value=0 [] []
[2012-10-02 22:13:28] myapp.DEBUG: Faceboo\Facebook::getPersistentDatasetPersistentData()| key=access_token, value= [] []
[2012-10-02 22:13:28] myapp.DEBUG: Faceboo\Facebook::getPersistentDatasetPersistentData()| key=access_token, value= [] []
[2012-10-02 22:13:28] myapp.DEBUG: Faceboo\Facebook::getUser()| user=0 [] []
[2012-10-02 22:13:28] myapp.DEBUG: Faceboo\Facebook::getCurrentAppUrl()| url=http://apps.facebook.com/FB_APPNAME/ [] []
[2012-10-02 22:13:28] myapp.DEBUG: Faceboo\Facebook::setPersistentDatasetPersistentData()| key=state, value=052e2e4284d2e0ce3e4dfbaebf8d6740 [] []
[2012-10-02 22:13:28] myapp.DEBUG: Faceboo\Facebook::getCurrentUrl()| url=http://:/ [] []
[2012-10-02 22:13:28] myapp.DEBUG: Faceboo\Facebook::getLoginUrl()| url=https://www.facebook.com/dialog/oauth?client_id=FB_APP_ID&redirect_uri=http%3A%2F%2Fapps.facebook.com%2FFB_APPNAME%2F&state=052e2e4284d2e0ce3e4dfbaebf8d6740&scope= [] []
[2012-10-02 22:13:28] myapp.INFO: < 200 [] []
[2012-10-02 22:13:28] myapp.INFO: > GET / [] []
[2012-10-02 22:13:28] myapp.DEBUG: Faceboo\Facebook::getUser()| user=0 [] []
[2012-10-02 22:13:28] myapp.DEBUG: Faceboo\Facebook::getCurrentAppUrl()| url=http://apps.facebook.com/FB_APPNAME/ [] []
[2012-10-02 22:13:28] myapp.DEBUG: Faceboo\Facebook::getCurrentUrl()| url=http://localhost/ [] []
[2012-10-02 22:13:28] myapp.DEBUG: Faceboo\Facebook::getLoginUrl()| url=https://www.facebook.com/dialog/oauth?client_id=FB_APP_ID&redirect_uri=http%3A%2F%2Fapps.facebook.com%2FFB_APPNAME%2F&state=052e2e4284d2e0ce3e4dfbaebf8d6740&scope= [] []
[2012-10-02 22:13:28] myapp.INFO: < 200 [] []
[2012-10-03 12:24:40] myapp.DEBUG: Faceboo\Facebook::getPersistentDatasetPersistentData()| key=state, value= [] []
[2012-10-03 12:24:40] myapp.INFO: > GET / [] []
[2012-10-03 12:24:40] myapp.DEBUG: Faceboo\Facebook::getPersistentDatasetPersistentData()| key=user_id, value=0 [] []
[2012-10-03 12:24:40] myapp.DEBUG: Faceboo\Facebook::getPersistentDatasetPersistentData()| key=access_token, value= [] []
[2012-10-03 12:24:40] myapp.DEBUG: Faceboo\Facebook::getPersistentDatasetPersistentData()| key=access_token, value= [] []
[2012-10-03 12:24:40] myapp.DEBUG: Faceboo\Facebook::getUser()| user=0 [] []
[2012-10-03 12:24:40] myapp.DEBUG: Faceboo\Facebook::getCurrentAppUrl()| url=http://apps.facebook.com/FB_APPNAME/ [] []
[2012-10-03 12:24:40] myapp.DEBUG: Faceboo\Facebook::setPersistentDatasetPersistentData()| key=state, value=4d79769af1bbbe479436f639e96ddff5 [] []
[2012-10-03 12:24:40] myapp.DEBUG: Faceboo\Facebook::getCurrentUrl()| url=http://silexfbapp.local/ [] []
[2012-10-03 12:24:40] myapp.DEBUG: Faceboo\Facebook::getLoginUrl()| url=https://www.facebook.com/dialog/oauth?client_id=FB_APP_ID&redirect_uri=http%3A%2F%2Fapps.facebook.com%2FFB_APPNAME%2F&state=4d79769af1bbbe479436f639e96ddff5&scope= [] []
[2012-10-03 12:24:40] myapp.INFO: < 200 [] []
[2012-11-13 13:09:09] myapp.INFO: > GET / [] []
[2012-11-13 13:09:09] myapp.CRITICAL: LogicException: The controller must return a response (null given). Did you forget to add a return statement somewhere in your controller? (uncaught exception) at /home/mgz/workspace/itvpdownloader/vendor/symfony/http-kernel/Symfony/Component/HttpKernel/HttpKernel.php line 147 [] []
[2012-11-13 13:09:09] myapp.INFO: < 500 [] []
[2012-11-13 13:09:42] myapp.INFO: > GET / [] []
[2012-11-13 13:09:42] myapp.INFO: < 200 [] []
[2012-11-13 13:11:14] myapp.INFO: > GET / [] []
[2012-11-13 13:11:14] myapp.INFO: < 200 [] []
[2012-11-13 13:19:21] myapp.INFO: > GET / [] []
[2012-11-13 13:19:21] myapp.CRITICAL: ReflectionException: Class Request does not exist (uncaught exception) at /home/mgz/workspace/itvpdownloader/vendor/silex/silex/src/Silex/ControllerResolver.php line 43 [] []
[2012-11-13 13:19:21] myapp.INFO: < 500 [] []
[2012-11-13 13:19:49] myapp.INFO: > GET / [] []
[2012-11-13 13:19:49] myapp.CRITICAL: Twig_Error_Syntax: The function "form_widget" does not exist in "homepage.html.twig" at line 13 (uncaught exception) at /home/mgz/workspace/itvpdownloader/vendor/twig/twig/lib/Twig/Node/Expression/Function.php line 28 [] []
[2012-11-13 13:19:49] myapp.INFO: < 500 [] []
[2012-11-13 13:24:21] myapp.INFO: > GET / [] []
[2012-11-13 13:24:50] myapp.INFO: > GET / [] []
[2012-11-13 13:24:51] myapp.INFO: > GET / [] []
[2012-11-13 13:24:51] myapp.INFO: > GET / [] []
[2012-11-13 13:24:51] myapp.INFO: > GET / [] []
[2012-11-13 13:25:46] myapp.INFO: > GET / [] []
[2012-11-13 13:26:14] myapp.INFO: > GET / [] []
[2012-11-13 13:26:15] myapp.INFO: > GET / [] []
[2012-11-13 13:26:15] myapp.INFO: > GET / [] []
[2012-11-13 13:26:15] myapp.INFO: > GET / [] []
[2012-11-13 13:27:21] myapp.INFO: > GET / [] []
[2012-11-13 13:28:05] myapp.INFO: > GET / [] []
[2012-11-13 13:28:14] myapp.INFO: > GET / [] []
[2012-11-13 13:29:52] myapp.INFO: > GET / [] []
[2012-11-13 13:29:52] myapp.CRITICAL: Twig_Error_Syntax: The function "form_widget" does not exist in "homepage.html.twig" at line 13 (uncaught exception) at /home/mgz/workspace/itvpdownloader/vendor/twig/twig/lib/Twig/Node/Expression/Function.php line 28 [] []
[2012-11-13 13:29:52] myapp.INFO: < 500 [] []
[2012-11-13 13:32:36] myapp.INFO: > GET / [] []
[2012-11-13 13:32:36] myapp.CRITICAL: Twig_Error_Syntax: The function "form_widget" does not exist in "homepage.html.twig" at line 13 (uncaught exception) at /home/mgz/workspace/itvpdownloader/vendor/twig/twig/lib/Twig/Node/Expression/Function.php line 28 [] []
[2012-11-13 13:32:36] myapp.INFO: < 500 [] []
[2012-11-13 13:32:36] myapp.INFO: > GET / [] []
[2012-11-13 13:32:37] myapp.CRITICAL: Twig_Error_Syntax: The function "form_widget" does not exist in "homepage.html.twig" at line 13 (uncaught exception) at /home/mgz/workspace/itvpdownloader/vendor/twig/twig/lib/Twig/Node/Expression/Function.php line 28 [] []
[2012-11-13 13:32:37] myapp.INFO: < 500 [] []
[2012-11-13 13:32:37] myapp.INFO: > GET / [] []
[2012-11-13 13:32:37] myapp.CRITICAL: Twig_Error_Syntax: The function "form_widget" does not exist in "homepage.html.twig" at line 13 (uncaught exception) at /home/mgz/workspace/itvpdownloader/vendor/twig/twig/lib/Twig/Node/Expression/Function.php line 28 [] []
[2012-11-13 13:32:37] myapp.INFO: < 500 [] []
[2012-11-13 13:32:37] myapp.INFO: > GET / [] []
[2012-11-13 13:32:37] myapp.CRITICAL: Twig_Error_Syntax: The function "form_widget" does not exist in "homepage.html.twig" at line 13 (uncaught exception) at /home/mgz/workspace/itvpdownloader/vendor/twig/twig/lib/Twig/Node/Expression/Function.php line 28 [] []
[2012-11-13 13:32:37] myapp.INFO: < 500 [] []
[2012-11-13 13:32:37] myapp.INFO: > GET / [] []
[2012-11-13 13:32:37] myapp.CRITICAL: Twig_Error_Syntax: The function "form_widget" does not exist in "homepage.html.twig" at line 13 (uncaught exception) at /home/mgz/workspace/itvpdownloader/vendor/twig/twig/lib/Twig/Node/Expression/Function.php line 28 [] []
[2012-11-13 13:32:37] myapp.INFO: < 500 [] []
[2012-11-13 13:32:37] myapp.INFO: > GET / [] []
[2012-11-13 13:32:37] myapp.CRITICAL: Twig_Error_Syntax: The function "form_widget" does not exist in "homepage.html.twig" at line 13 (uncaught exception) at /home/mgz/workspace/itvpdownloader/vendor/twig/twig/lib/Twig/Node/Expression/Function.php line 28 [] []
[2012-11-13 13:32:37] myapp.INFO: < 500 [] []
[2012-11-13 13:32:38] myapp.INFO: > GET / [] []
[2012-11-13 13:32:38] myapp.CRITICAL: Twig_Error_Syntax: The function "form_widget" does not exist in "homepage.html.twig" at line 13 (uncaught exception) at /home/mgz/workspace/itvpdownloader/vendor/twig/twig/lib/Twig/Node/Expression/Function.php line 28 [] []
[2012-11-13 13:32:38] myapp.INFO: < 500 [] []
[2012-11-13 13:32:38] myapp.INFO: > GET / [] []
[2012-11-13 13:32:38] myapp.CRITICAL: Twig_Error_Syntax: The function "form_widget" does not exist in "homepage.html.twig" at line 13 (uncaught exception) at /home/mgz/workspace/itvpdownloader/vendor/twig/twig/lib/Twig/Node/Expression/Function.php line 28 [] []
[2012-11-13 13:32:38] myapp.INFO: < 500 [] []
[2012-11-13 13:33:30] myapp.INFO: > GET / [] []
[2012-11-13 13:33:30] myapp.CRITICAL: Twig_Error_Syntax: The function "form_widget" does not exist in "homepage.html.twig" at line 13 (uncaught exception) at /home/mgz/workspace/itvpdownloader/vendor/twig/twig/lib/Twig/Node/Expression/Function.php line 28 [] []
[2012-11-13 13:33:30] myapp.INFO: < 500 [] []
[2012-11-13 13:33:30] myapp.INFO: > GET / [] []
[2012-11-13 13:33:30] myapp.CRITICAL: Twig_Error_Syntax: The function "form_widget" does not exist in "homepage.html.twig" at line 13 (uncaught exception) at /home/mgz/workspace/itvpdownloader/vendor/twig/twig/lib/Twig/Node/Expression/Function.php line 28 [] []
[2012-11-13 13:33:30] myapp.INFO: < 500 [] []
[2012-11-13 13:33:31] myapp.INFO: > GET / [] []
[2012-11-13 13:33:31] myapp.CRITICAL: Twig_Error_Syntax: The function "form_widget" does not exist in "homepage.html.twig" at line 13 (uncaught exception) at /home/mgz/workspace/itvpdownloader/vendor/twig/twig/lib/Twig/Node/Expression/Function.php line 28 [] []
[2012-11-13 13:33:31] myapp.INFO: < 500 [] []
[2012-11-13 13:33:31] myapp.INFO: > GET / [] []
[2012-11-13 13:33:31] myapp.CRITICAL: Twig_Error_Syntax: The function "form_widget" does not exist in "homepage.html.twig" at line 13 (uncaught exception) at /home/mgz/workspace/itvpdownloader/vendor/twig/twig/lib/Twig/Node/Expression/Function.php line 28 [] []
[2012-11-13 13:33:31] myapp.INFO: < 500 [] []
[2012-11-13 13:33:31] myapp.INFO: > GET / [] []
[2012-11-13 13:33:31] myapp.CRITICAL: Twig_Error_Syntax: The function "form_widget" does not exist in "homepage.html.twig" at line 13 (uncaught exception) at /home/mgz/workspace/itvpdownloader/vendor/twig/twig/lib/Twig/Node/Expression/Function.php line 28 [] []
[2012-11-13 13:33:31] myapp.INFO: < 500 [] []
[2012-11-13 13:33:31] myapp.INFO: > GET / [] []
[2012-11-13 13:33:31] myapp.CRITICAL: Twig_Error_Syntax: The function "form_widget" does not exist in "homepage.html.twig" at line 13 (uncaught exception) at /home/mgz/workspace/itvpdownloader/vendor/twig/twig/lib/Twig/Node/Expression/Function.php line 28 [] []
[2012-11-13 13:33:31] myapp.INFO: < 500 [] []
[2012-11-13 13:34:02] myapp.INFO: > GET / [] []
[2012-11-13 13:34:02] myapp.CRITICAL: Twig_Error_Syntax: The function "form_widget" does not exist in "homepage.html.twig" at line 13 (uncaught exception) at /home/mgz/workspace/itvpdownloader/vendor/twig/twig/lib/Twig/Node/Expression/Function.php line 28 [] []
[2012-11-13 13:34:02] myapp.INFO: < 500 [] []
[2012-11-13 13:34:02] myapp.INFO: > GET / [] []
[2012-11-13 13:34:02] myapp.CRITICAL: Twig_Error_Syntax: The function "form_widget" does not exist in "homepage.html.twig" at line 13 (uncaught exception) at /home/mgz/workspace/itvpdownloader/vendor/twig/twig/lib/Twig/Node/Expression/Function.php line 28 [] []
[2012-11-13 13:34:02] myapp.INFO: < 500 [] []
[2012-11-13 13:34:03] myapp.INFO: > GET / [] []
[2012-11-13 13:34:03] myapp.CRITICAL: Twig_Error_Syntax: The function "form_widget" does not exist in "homepage.html.twig" at line 13 (uncaught exception) at /home/mgz/workspace/itvpdownloader/vendor/twig/twig/lib/Twig/Node/Expression/Function.php line 28 [] []
[2012-11-13 13:34:03] myapp.INFO: < 500 [] []
[2012-11-13 13:34:03] myapp.INFO: > GET / [] []
[2012-11-13 13:34:03] myapp.CRITICAL: Twig_Error_Syntax: The function "form_widget" does not exist in "homepage.html.twig" at line 13 (uncaught exception) at /home/mgz/workspace/itvpdownloader/vendor/twig/twig/lib/Twig/Node/Expression/Function.php line 28 [] []
[2012-11-13 13:34:03] myapp.INFO: < 500 [] []
[2012-11-13 13:34:03] myapp.INFO: > GET / [] []
[2012-11-13 13:34:03] myapp.CRITICAL: Twig_Error_Syntax: The function "form_widget" does not exist in "homepage.html.twig" at line 13 (uncaught exception) at /home/mgz/workspace/itvpdownloader/vendor/twig/twig/lib/Twig/Node/Expression/Function.php line 28 [] []
[2012-11-13 13:34:03] myapp.INFO: < 500 [] []
[2012-11-13 13:34:03] myapp.INFO: > GET / [] []
[2012-11-13 13:34:03] myapp.CRITICAL: Twig_Error_Syntax: The function "form_widget" does not exist in "homepage.html.twig" at line 13 (uncaught exception) at /home/mgz/workspace/itvpdownloader/vendor/twig/twig/lib/Twig/Node/Expression/Function.php line 28 [] []
[2012-11-13 13:34:03] myapp.INFO: < 500 [] []
[2012-11-13 13:34:25] myapp.INFO: > GET / [] []
[2012-11-13 13:34:25] myapp.CRITICAL: Twig_Error_Syntax: The function "form_widget" does not exist in "homepage.html.twig" at line 13 (uncaught exception) at /home/mgz/workspace/itvpdownloader/vendor/twig/twig/lib/Twig/Node/Expression/Function.php line 28 [] []
[2012-11-13 13:34:25] myapp.INFO: < 500 [] []
[2012-11-13 13:34:25] myapp.INFO: > GET / [] []
[2012-11-13 13:34:25] myapp.CRITICAL: Twig_Error_Syntax: The function "form_widget" does not exist in "homepage.html.twig" at line 13 (uncaught exception) at /home/mgz/workspace/itvpdownloader/vendor/twig/twig/lib/Twig/Node/Expression/Function.php line 28 [] []
[2012-11-13 13:34:25] myapp.INFO: < 500 [] []
[2012-11-13 13:34:25] myapp.INFO: > GET / [] []
[2012-11-13 13:34:25] myapp.CRITICAL: Twig_Error_Syntax: The function "form_widget" does not exist in "homepage.html.twig" at line 13 (uncaught exception) at /home/mgz/workspace/itvpdownloader/vendor/twig/twig/lib/Twig/Node/Expression/Function.php line 28 [] []
[2012-11-13 13:34:25] myapp.INFO: < 500 [] []
[2012-11-13 13:34:26] myapp.INFO: > GET / [] []
[2012-11-13 13:34:26] myapp.CRITICAL: Twig_Error_Syntax: The function "form_widget" does not exist in "homepage.html.twig" at line 13 (uncaught exception) at /home/mgz/workspace/itvpdownloader/vendor/twig/twig/lib/Twig/Node/Expression/Function.php line 28 [] []
[2012-11-13 13:34:26] myapp.INFO: < 500 [] []
[2012-11-13 13:34:26] myapp.INFO: > GET / [] []
[2012-11-13 13:34:26] myapp.CRITICAL: Twig_Error_Syntax: The function "form_widget" does not exist in "homepage.html.twig" at line 13 (uncaught exception) at /home/mgz/workspace/itvpdownloader/vendor/twig/twig/lib/Twig/Node/Expression/Function.php line 28 [] []
[2012-11-13 13:34:26] myapp.INFO: < 500 [] []
[2012-11-13 13:34:26] myapp.INFO: > GET / [] []
[2012-11-13 13:34:26] myapp.CRITICAL: Twig_Error_Syntax: The function "form_widget" does not exist in "homepage.html.twig" at line 13 (uncaught exception) at /home/mgz/workspace/itvpdownloader/vendor/twig/twig/lib/Twig/Node/Expression/Function.php line 28 [] []
[2012-11-13 13:34:26] myapp.INFO: < 500 [] []
[2012-11-13 13:34:28] myapp.INFO: > GET / [] []
[2012-11-13 13:34:28] myapp.CRITICAL: Twig_Error_Syntax: The function "form_widget" does not exist in "homepage.html.twig" at line 13 (uncaught exception) at /home/mgz/workspace/itvpdownloader/vendor/twig/twig/lib/Twig/Node/Expression/Function.php line 28 [] []
[2012-11-13 13:34:28] myapp.INFO: < 500 [] []
[2012-11-13 13:35:43] myapp.INFO: > GET / [] []
[2012-11-13 13:35:43] myapp.CRITICAL: Twig_Error_Syntax: The filter "trans" does not exist in "form_div_layout.html.twig" at line 72 (uncaught exception) at /home/mgz/workspace/itvpdownloader/vendor/twig/twig/lib/Twig/Node/Expression/Filter.php line 29 [] []
[2012-11-13 13:35:43] myapp.INFO: < 500 [] []
[2012-11-13 13:36:36] myapp.INFO: > GET / [] []
[2012-11-13 13:36:36] myapp.INFO: < 200 [] []
[2012-11-13 13:36:40] myapp.INFO: > POST / [] []
[2012-11-13 13:36:40] myapp.INFO: < 200 [] []
[2012-11-13 13:37:36] myapp.INFO: > POST / [] []
[2012-11-13 13:37:36] myapp.INFO: < 200 [] []
[2012-11-13 13:38:56] myapp.INFO: > POST / [] []
[2012-11-13 13:39:20] myapp.INFO: > POST / [] []
[2012-11-13 13:39:20] myapp.CRITICAL: RuntimeException: file_get_contents(http://asdasdasd/): failed to open stream: php_network_getaddresses: getaddrinfo failed: Name or service not known (uncaught exception) at /home/mgz/workspace/itvpdownloader/vendor/kriswallsmith/buzz/lib/Buzz/Client/FileGetContents.php line 50 [] []
[2012-11-13 13:39:20] myapp.INFO: < 500 [] []
[2012-11-13 13:40:23] myapp.INFO: > POST / [] []
[2012-11-13 13:40:23] myapp.CRITICAL: RuntimeException: file_get_contents(http://asdasdasd/): failed to open stream: php_network_getaddresses: getaddrinfo failed: Name or service not known (uncaught exception) at /home/mgz/workspace/itvpdownloader/vendor/kriswallsmith/buzz/lib/Buzz/Client/FileGetContents.php line 50 [] []
[2012-11-13 13:40:23] myapp.INFO: < 500 [] []
[2012-11-13 13:40:28] myapp.INFO: > GET / [] []
[2012-11-13 13:40:28] myapp.CRITICAL: Twig_Error_Runtime: Variable "video" does not exist in "homepage.html.twig" at line 13 (uncaught exception) at /home/mgz/workspace/itvpdownloader/vendor/twig/twig/lib/Twig/Template.php line 318 [] []
[2012-11-13 13:40:28] myapp.INFO: < 500 [] []
[2012-11-13 13:40:40] myapp.INFO: > GET / [] []
[2012-11-13 13:40:40] myapp.INFO: < 200 [] []
[2012-11-13 13:41:03] myapp.INFO: > POST / [] []
[2012-11-13 13:41:05] myapp.INFO: < 200 [] []
[2012-11-13 13:41:45] myapp.INFO: > POST / [] []
[2012-11-13 13:41:46] myapp.INFO: < 200 [] []
[2012-11-13 13:41:55] myapp.INFO: > POST / [] []
[2012-11-13 13:41:55] myapp.INFO: < 200 [] []
[2012-11-13 13:44:11] myapp.INFO: > POST / [] []
[2012-11-13 13:44:12] myapp.INFO: > GET / [] []
[2012-11-13 13:45:58] myapp.INFO: > GET / [] []
[2012-11-13 13:45:59] myapp.INFO: > GET / [] []
[2012-11-13 13:45:59] myapp.INFO: > GET / [] []
[2012-11-13 13:45:59] myapp.INFO: > GET / [] []
[2012-11-13 13:45:59] myapp.INFO: > GET / [] []
[2012-11-13 13:45:59] myapp.INFO: > GET / [] []
[2012-11-13 13:45:59] myapp.INFO: > GET / [] []
[2012-11-13 13:46:00] myapp.INFO: > GET / [] []
[2012-11-13 13:46:00] myapp.INFO: > GET / [] []
[2012-11-13 13:46:00] myapp.INFO: > GET / [] []
[2012-11-13 13:46:48] myapp.INFO: > GET / [] []
[2012-11-13 13:46:49] myapp.INFO: < 200 [] []
[2012-11-13 13:46:51] myapp.INFO: > POST / [] []
[2012-11-13 13:46:52] myapp.INFO: < 200 [] []
[2012-11-13 13:48:24] myapp.INFO: > POST / [] []
[2012-11-13 13:48:25] myapp.INFO: < 200 [] []
[2012-11-13 13:49:52] myapp.INFO: > POST / [] []
[2012-11-13 13:49:52] myapp.INFO: < 200 [] []
[2012-11-13 13:57:21] myapp.INFO: > POST / [] []
[2012-11-13 13:57:22] myapp.INFO: < 200 [] []
[2012-11-13 22:25:51] myapp.INFO: > GET / [] []
[2012-11-13 22:25:52] myapp.INFO: < 200 [] []
[2012-11-13 22:26:53] myapp.INFO: > POST / [] []
[2012-11-13 22:26:54] myapp.INFO: < 200 [] []
[2012-11-13 22:27:06] myapp.INFO: > GET / [] []
[2012-11-13 22:27:06] myapp.INFO: < 200 [] []
[2012-11-13 22:27:18] myapp.INFO: > GET / [] []
[2012-11-13 22:27:18] myapp.INFO: < 200 [] []
[2012-11-13 22:27:21] myapp.INFO: > POST / [] []
[2012-11-13 22:27:21] myapp.INFO: < 200 [] []
[2012-11-15 11:09:46] myapp.INFO: > GET / [] []
[2012-11-15 11:09:47] myapp.INFO: < 200 [] []
[2012-11-15 11:09:47] myapp.ERROR: Symfony\Component\HttpKernel\Exception\NotFoundHttpException: No route found for "GET /favicon.ico" (uncaught exception) at /home/mgz/workspace/itvpdownloader/vendor/symfony/http-kernel/Symfony/Component/HttpKernel/EventListener/RouterListener.php line 92 [] []
[2012-11-15 11:09:47] myapp.INFO: < 404 [] []
[2012-11-15 11:09:47] myapp.ERROR: Symfony\Component\HttpKernel\Exception\NotFoundHttpException: No route found for "GET /favicon.ico" (uncaught exception) at /home/mgz/workspace/itvpdownloader/vendor/symfony/http-kernel/Symfony/Component/HttpKernel/EventListener/RouterListener.php line 92 [] []
[2012-11-15 11:09:47] myapp.INFO: < 404 [] []
[2012-11-15 11:16:12] myapp.INFO: > GET / [] []
[2012-11-15 11:16:12] myapp.INFO: < 200 [] []
[2012-11-15 11:18:12] myapp.INFO: > GET / [] []
[2012-11-15 11:18:12] myapp.INFO: < 200 [] []
[2012-11-15 11:19:19] myapp.INFO: > GET / [] []
[2012-11-15 11:19:20] myapp.INFO: < 200 [] []
[2012-11-15 11:20:04] myapp.INFO: > GET / [] []
[2012-11-15 11:20:04] myapp.INFO: < 200 [] []
[2012-11-15 11:20:06] myapp.INFO: > GET / [] []
[2012-11-15 11:20:07] myapp.INFO: < 200 [] []
[2012-11-15 11:20:31] myapp.INFO: > GET / [] []
[2012-11-15 11:20:31] myapp.INFO: < 200 [] []
[2012-11-15 11:22:05] myapp.INFO: > GET / [] []
[2012-11-15 11:22:05] myapp.INFO: < 200 [] []
[2012-11-15 11:22:46] myapp.INFO: > GET / [] []
[2012-11-15 11:22:46] myapp.INFO: < 200 [] []
[2012-11-15 11:22:50] myapp.INFO: > GET / [] []
[2012-11-15 11:22:51] myapp.INFO: < 200 [] []
[2012-11-15 11:22:57] myapp.INFO: > GET / [] []
[2012-11-15 11:22:57] myapp.INFO: < 200 [] []
[2012-11-15 11:22:58] myapp.INFO: > GET / [] []
[2012-11-15 11:22:58] myapp.INFO: < 200 [] []
[2012-11-15 11:24:17] myapp.INFO: > GET / [] []
[2012-11-15 11:24:17] myapp.INFO: < 200 [] []
[2012-11-15 11:27:58] myapp.INFO: > GET / [] []
[2012-11-15 11:27:59] myapp.INFO: < 200 [] []
[2012-11-15 11:28:20] myapp.INFO: > GET / [] []
[2012-11-15 11:28:20] myapp.INFO: < 200 [] []
[2012-11-15 11:28:52] myapp.INFO: > POST / [] []
[2012-11-15 11:28:53] myapp.INFO: < 200 [] []
[2012-11-15 11:29:25] myapp.INFO: > POST / [] []
[2012-11-15 11:29:25] myapp.INFO: < 200 [] []
[2012-11-15 11:29:29] myapp.INFO: > GET / [] []
[2012-11-15 11:29:29] myapp.INFO: < 200 [] []
[2012-11-15 11:30:35] myapp.INFO: > GET / [] []
[2012-11-15 11:30:36] myapp.INFO: < 200 [] []
[2012-11-15 11:30:43] myapp.INFO: > POST / [] []
[2012-11-15 11:30:43] myapp.INFO: < 200 [] []
[2012-11-15 11:31:01] myapp.INFO: > POST / [] []
[2012-11-15 11:31:02] myapp.INFO: < 200 [] []
[2012-11-15 11:31:04] myapp.INFO: > POST / [] []
[2012-11-15 11:31:04] myapp.INFO: < 200 [] []
[2012-11-15 11:34:16] myapp.INFO: > GET / [] []
[2012-11-15 11:34:17] myapp.INFO: < 200 [] []
[2012-11-15 11:34:31] myapp.INFO: > POST / [] []
[2012-11-15 11:34:31] myapp.INFO: < 200 [] []
[2012-11-15 11:36:18] myapp.INFO: > GET / [] []
[2012-11-15 11:36:19] myapp.INFO: < 200 [] []
[2012-11-15 11:36:24] myapp.INFO: > POST / [] []
[2012-11-15 11:36:25] myapp.INFO: < 200 [] []
[2012-11-15 11:38:48] myapp.INFO: > POST / [] []
[2012-11-15 11:38:48] myapp.INFO: < 200 [] []
[2012-11-15 11:38:56] myapp.INFO: > GET / [] []
[2012-11-15 11:38:57] myapp.INFO: < 200 [] []
[2012-11-15 11:39:02] myapp.INFO: > POST / [] []
[2012-11-15 11:39:03] myapp.INFO: < 200 [] []
[2012-11-15 11:39:08] myapp.INFO: > GET / [] []
[2012-11-15 11:39:08] myapp.INFO: < 200 [] []
[2012-11-15 11:39:13] myapp.INFO: > POST / [] []
[2012-11-15 11:39:14] myapp.INFO: < 200 [] []
[2012-11-15 11:39:20] myapp.INFO: > POST / [] []
[2012-11-15 11:39:21] myapp.INFO: < 200 [] []
[2012-11-15 11:40:09] myapp.INFO: > POST / [] []
[2012-11-15 11:40:10] myapp.INFO: < 200 [] []
[2012-11-15 11:40:18] myapp.INFO: > POST / [] []
[2012-11-15 11:40:19] myapp.INFO: < 200 [] []
[2012-11-15 12:00:40] myapp.INFO: > GET / [] []
[2012-11-15 12:00:40] myapp.CRITICAL: Twig_Error_Syntax: The function "path" does not exist in "homepage.html.twig" at line 33 (uncaught exception) at /home/mgz/workspace/itvpdownloader/vendor/twig/twig/lib/Twig/Node/Expression/Function.php line 28 [] []
[2012-11-15 12:00:40] myapp.INFO: < 500 [] []
[2012-11-15 12:00:53] myapp.INFO: > GET / [] []
[2012-11-15 12:00:53] myapp.CRITICAL: Twig_Error_Syntax: The function "url" does not exist in "homepage.html.twig" at line 33 (uncaught exception) at /home/mgz/workspace/itvpdownloader/vendor/twig/twig/lib/Twig/Node/Expression/Function.php line 28 [] []
[2012-11-15 12:00:53] myapp.INFO: < 500 [] []
[2012-11-15 12:01:00] myapp.INFO: > GET / [] []
[2012-11-15 12:01:01] myapp.INFO: < 200 [] []
[2012-11-15 12:01:05] myapp.INFO: > POST / [] []
[2012-11-15 12:01:06] myapp.INFO: < 200 [] []
[2012-11-15 12:01:10] myapp.INFO: > GET / [] []
[2012-11-15 12:01:10] myapp.INFO: < 200 [] []
[2012-11-15 12:01:46] myapp.INFO: > GET / [] []
[2012-11-15 12:01:46] myapp.INFO: < 200 [] []
